C:\USERS\GREY\DOCUMENTS\DEV\KINECTSCANNER\X64\DEBUG\MAIN.OBJ
C:\USERS\GREY\DOCUMENTS\DEV\KINECTSCANNER\X64\DEBUG\SERIALIZECSV.OBJ
C:\USERS\GREY\DOCUMENTS\DEV\KINECTSCANNER\X64\DEBUG\VC110.PDB
C:\USERS\GREY\DOCUMENTS\DEV\KINECTSCANNER\X64\DEBUG\SERIALIZATIONUTILITY.OBJ
C:\USERS\GREY\DOCUMENTS\DEV\KINECTSCANNER\X64\DEBUG\KINECTSCANNER.ILK
C:\USERS\GREY\DOCUMENTS\DEV\KINECTSCANNER\X64\DEBUG\KINECTSCANNER.EXE
C:\USERS\GREY\DOCUMENTS\DEV\KINECTSCANNER\X64\DEBUG\KINECTSCANNER.PDB
C:\USERS\GREY\DOCUMENTS\DEV\KINECTSCANNER\X64\DEBUG\KINECTSCANNER.RES
C:\Users\Grey\documents\DEV\kinectScanner\x64\Debug\main.obj
C:\Users\Grey\documents\DEV\kinectScanner\x64\Debug\SerializeCSV.obj
C:\Users\Grey\documents\DEV\kinectScanner\x64\Debug\kinectScanner.ilk
C:\Users\Grey\documents\DEV\kinectScanner\x64\Debug\cl.command.1.tlog
C:\Users\Grey\documents\DEV\kinectScanner\x64\Debug\CL.read.1.tlog
C:\Users\Grey\documents\DEV\kinectScanner\x64\Debug\CL.write.1.tlog
C:\Users\Grey\documents\DEV\kinectScanner\x64\Debug\link-cvtres.read.1.tlog
C:\Users\Grey\documents\DEV\kinectScanner\x64\Debug\link-cvtres.write.1.tlog
C:\Users\Grey\documents\DEV\kinectScanner\x64\Debug\link-rc.read.1.tlog
C:\Users\Grey\documents\DEV\kinectScanner\x64\Debug\link-rc.write.1.tlog
C:\Users\Grey\documents\DEV\kinectScanner\x64\Debug\link.command.1.tlog
C:\Users\Grey\documents\DEV\kinectScanner\x64\Debug\link.read.1.tlog
C:\Users\Grey\documents\DEV\kinectScanner\x64\Debug\link.write.1.tlog
C:\Users\Grey\documents\DEV\kinectScanner\x64\Debug\rc.command.1.tlog
C:\Users\Grey\documents\DEV\kinectScanner\x64\Debug\rc.read.1.tlog
C:\Users\Grey\documents\DEV\kinectScanner\x64\Debug\rc.write.1.tlog
C:\Users\Grey\documents\DEV\kinectScanner\x64\Debug\kinectScanner.res
C:\Users\Grey\documents\DEV\kinectScanner\x64\Debug\vc110.idb
C:\Users\Grey\documents\DEV\kinectScanner\x64\Debug\kinectScanner.pdb
C:\Users\Grey\documents\DEV\kinectScanner\x64\Debug\vc110.pdb
C:\Users\Grey\documents\DEV\kinectScanner\x64\Debug\kinectScanner.exe
